<?xml version="1.0" encoding="UTF-8"?>
<!-- Generated by org.testng.reporters.JUnitReportReporter -->
<testsuite hostname="WUSSC250374-ZV8" failures="0" tests="1" name="Demo.Test1" time="0.007" errors="0" timestamp="2024-11-20T06:51:41 PST" skipped="0">
  <testcase classname="Demo.Test1" name="streamCollect" time="0.007"/>
</testsuite> <!-- Demo.Test1 -->
